[2025-03-11 09:18:24 -0300] [4038771] [INFO] Starting gunicorn 23.0.0
[2025-03-11 09:18:24 -0300] [4038771] [INFO] Listening at: http://0.0.0.0:5001 (4038771)
[2025-03-11 09:18:24 -0300] [4038771] [INFO] Using worker: gthread
[2025-03-11 09:18:24 -0300] [4038772] [INFO] Booting worker with pid: 4038772
[2025-03-11 09:18:24 -0300] [4038773] [INFO] Booting worker with pid: 4038773
[2025-03-11 09:18:24 -0300] [4038774] [INFO] Booting worker with pid: 4038774
[2025-03-11 09:18:24 -0300] [4038775] [INFO] Booting worker with pid: 4038775
[2025-03-11 09:20:21 -0300] [4038771] [INFO] Handling signal: int
[2025-03-11 09:20:21 -0300] [4038775] [INFO] Worker exiting (pid: 4038775)
[2025-03-11 09:20:21 -0300] [4038774] [INFO] Worker exiting (pid: 4038774)
[2025-03-11 09:20:21 -0300] [4038772] [INFO] Worker exiting (pid: 4038772)
[2025-03-11 09:20:21 -0300] [4038773] [INFO] Worker exiting (pid: 4038773)
[2025-03-11 09:20:21 -0300] [4038771] [INFO] Shutting down: Master
[2025-03-11 09:24:47 -0300] [4043258] [INFO] Starting gunicorn 23.0.0
[2025-03-11 09:24:47 -0300] [4043258] [INFO] Listening at: http://0.0.0.0:5001 (4043258)
[2025-03-11 09:24:47 -0300] [4043258] [INFO] Using worker: gthread
[2025-03-11 09:24:47 -0300] [4043259] [INFO] Booting worker with pid: 4043259
[2025-03-11 09:24:47 -0300] [4043260] [INFO] Booting worker with pid: 4043260
[2025-03-11 09:24:47 -0300] [4043261] [INFO] Booting worker with pid: 4043261
[2025-03-11 09:24:47 -0300] [4043263] [INFO] Booting worker with pid: 4043263
[2025-03-11 09:28:31 -0300] [4043258] [INFO] Handling signal: int
[2025-03-11 09:28:31 -0300] [4043260] [INFO] Worker exiting (pid: 4043260)
[2025-03-11 09:28:31 -0300] [4043259] [INFO] Worker exiting (pid: 4043259)
[2025-03-11 09:28:31 -0300] [4043263] [INFO] Worker exiting (pid: 4043263)
[2025-03-11 09:28:31 -0300] [4043261] [INFO] Worker exiting (pid: 4043261)
[2025-03-11 09:28:32 -0300] [4043258] [INFO] Shutting down: Master
[2025-03-11 09:28:41 -0300] [4046265] [INFO] Starting gunicorn 23.0.0
[2025-03-11 09:28:41 -0300] [4046265] [INFO] Listening at: http://0.0.0.0:5001 (4046265)
[2025-03-11 09:28:41 -0300] [4046265] [INFO] Using worker: gthread
[2025-03-11 09:28:41 -0300] [4046266] [INFO] Booting worker with pid: 4046266
[2025-03-11 09:28:41 -0300] [4046267] [INFO] Booting worker with pid: 4046267
[2025-03-11 09:28:41 -0300] [4046268] [INFO] Booting worker with pid: 4046268
[2025-03-11 09:28:41 -0300] [4046269] [INFO] Booting worker with pid: 4046269
[2025-03-11 09:29:35 -0300] [4046265] [INFO] Handling signal: int
[2025-03-11 09:29:35 -0300] [4046268] [INFO] Worker exiting (pid: 4046268)
[2025-03-11 09:29:35 -0300] [4046267] [INFO] Worker exiting (pid: 4046267)
[2025-03-11 09:29:35 -0300] [4046269] [INFO] Worker exiting (pid: 4046269)
[2025-03-11 09:29:35 -0300] [4046266] [INFO] Worker exiting (pid: 4046266)
[2025-03-11 09:29:35 -0300] [4046265] [INFO] Shutting down: Master
